<?xml version="1.0" encoding="UTF-8"?>
<!-- Generated by org.testng.reporters.JUnitReportReporter -->
<testsuite hostname="user-PC" failures="0" tests="1" name="Demo1.day1" time="0.021" errors="0" timestamp="26 Nov 2018 20:13:49 GMT" skipped="0">
  <testcase classname="Demo1.day1" name="validateErrorMessage" time="0.021"/>
</testsuite> <!-- Demo1.day1 -->
